app/build/outputs/logs/manifest-merger-debug-report.txt
-- Merging decision tree log ---
manifest
ADDED from src\main\AndroidManifest.xml:2:1-391:12
	package
		ADDED from src\main\AndroidManifest.xml:3:5-38
		INJECTED from src\main\AndroidManifest.xml
		INJECTED from src\main\AndroidManifest.xml
	android:versionName
		ADDED from src\main\AndroidManifest.xml:5:5-36
		INJECTED from src\main\AndroidManifest.xml
		INJECTED from src\main\AndroidManifest.xml
	android:versionCode
		ADDED from src\main\AndroidManifest.xml:4:5-30
		INJECTED from src\main\AndroidManifest.xml
		INJECTED from src\main\AndroidManifest.xml
	xmlns:android
		ADDED from src\main\AndroidManifest.xml:2:11-69
uses-sdk
ADDED from src\main\AndroidManifest.xml:7:5-9:41
MERGED from [com.android.support:support-v4:20.0.0] AndroidManifest.xml:16:5-42
	android:targetSdkVersion
		ADDED from src\main\AndroidManifest.xml:9:9-38
		INJECTED from src\main\AndroidManifest.xml
		INJECTED from src\main\AndroidManifest.xml
	android:minSdkVersion
		ADDED from src\main\AndroidManifest.xml:8:9-34
		INJECTED from src\main\AndroidManifest.xml
		INJECTED from src\main\AndroidManifest.xml
uses-permission#android.permission.RECORD_AUDIO
ADDED from src\main\AndroidManifest.xml:11:5-71
	android:name
		ADDED from src\main\AndroidManifest.xml:11:22-68
uses-permission#android.permission.INTERNET
ADDED from src\main\AndroidManifest.xml:12:5-67
	android:name
		ADDED from src\main\AndroidManifest.xml:12:22-64
uses-permission#android.permission.ACCESS_WIFI_STATE
ADDED from src\main\AndroidManifest.xml:13:5-76
	android:name
		ADDED from src\main\AndroidManifest.xml:13:22-73
uses-permission#android.permission.CHANGE_WIFI_STATE
ADDED from src\main\AndroidManifest.xml:14:5-76
	android:name
		ADDED from src\main\AndroidManifest.xml:14:22-73
uses-permission#android.permission.ACCESS_NETWORK_STATE
ADDED from src\main\AndroidManifest.xml:15:5-79
	android:name
		ADDED from src\main\AndroidManifest.xml:15:22-76
uses-permission#android.permission.READ_LOGS
ADDED from src\main\AndroidManifest.xml:16:5-68
	android:name
		ADDED from src\main\AndroidManifest.xml:16:22-65
uses-permission#android.permission.DISABLE_KEYGUARD
ADDED from src\main\AndroidManifest.xml:17:5-75
	android:name
		ADDED from src\main\AndroidManifest.xml:17:22-72
uses-permission#android.permission.RECEIVE_BOOT_COMPLETED
ADDED from src\main\AndroidManifest.xml:18:5-81
	android:name
		ADDED from src\main\AndroidManifest.xml:18:22-78
uses-permission#android.permission.READ_PHONE_STATE
ADDED from src\main\AndroidManifest.xml:19:5-75
	android:name
		ADDED from src\main\AndroidManifest.xml:19:22-72
uses-permission#android.permission.SYSTEM_ALERT_WINDOW
ADDED from src\main\AndroidManifest.xml:20:5-78
	android:name
		ADDED from src\main\AndroidManifest.xml:20:22-75
uses-permission#android.permission.GET_ACCOUNTS
ADDED from src\main\AndroidManifest.xml:21:5-71
	android:name
		ADDED from src\main\AndroidManifest.xml:21:22-68
uses-permission#android.permission.USE_CREDENTIALS
ADDED from src\main\AndroidManifest.xml:22:5-74
	android:name
		ADDED from src\main\AndroidManifest.xml:22:22-71
uses-permission#android.permission.MANAGE_ACCOUNTS
ADDED from src\main\AndroidManifest.xml:23:5-74
	android:name
		ADDED from src\main\AndroidManifest.xml:23:22-71
uses-permission#android.permission.MOUNT_UNMOUNT_FILESYSTEMS
ADDED from src\main\AndroidManifest.xml:24:5-84
	android:name
		ADDED from src\main\AndroidManifest.xml:24:22-81
uses-permission#android.permission.MODIFY_AUDIO_SETTINGS
ADDED from src\main\AndroidManifest.xml:25:5-80
	android:name
		ADDED from src\main\AndroidManifest.xml:25:22-77
uses-permission#android.permission.BROADCAST_STICKY
ADDED from src\main\AndroidManifest.xml:26:5-75
	android:name
		ADDED from src\main\AndroidManifest.xml:26:22-72
uses-permission#android.permission.READ_CONTACTS
ADDED from src\main\AndroidManifest.xml:27:5-72
	android:name
		ADDED from src\main\AndroidManifest.xml:27:22-69
uses-permission#android.permission.WRITE_EXTERNAL_STORAGE
ADDED from src\main\AndroidManifest.xml:28:5-81
	android:name
		ADDED from src\main\AndroidManifest.xml:28:22-78
uses-permission#android.permission.WRITE_SETTINGS
ADDED from src\main\AndroidManifest.xml:29:5-73
	android:name
		ADDED from src\main\AndroidManifest.xml:29:22-70
uses-permission#android.permission.AUTHENTICATE_ACCOUNTS
ADDED from src\main\AndroidManifest.xml:30:5-80
	android:name
		ADDED from src\main\AndroidManifest.xml:30:22-77
uses-permission#android.permission.BLUETOOTH_ADMIN
ADDED from src\main\AndroidManifest.xml:31:5-74
	android:name
		ADDED from src\main\AndroidManifest.xml:31:22-71
uses-permission#android.permission.BLUETOOTH
ADDED from src\main\AndroidManifest.xml:32:5-68
	android:name
		ADDED from src\main\AndroidManifest.xml:32:22-65
uses-permission#android.permission.VIBRATE
ADDED from src\main\AndroidManifest.xml:33:5-66
	android:name
		ADDED from src\main\AndroidManifest.xml:33:22-63
uses-permission#android.permission.CHANGE_NETWORK_STATE
ADDED from src\main\AndroidManifest.xml:34:5-79
	android:name
		ADDED from src\main\AndroidManifest.xml:34:22-76
uses-permission#android.permission.CALL_PHONE
ADDED from src\main\AndroidManifest.xml:35:5-69
	android:name
		ADDED from src\main\AndroidManifest.xml:35:22-66
uses-permission#android.permission.READ_SMS
ADDED from src\main\AndroidManifest.xml:36:5-67
	android:name
		ADDED from src\main\AndroidManifest.xml:36:22-64
uses-permission#android.permission.WRITE_SMS
ADDED from src\main\AndroidManifest.xml:37:5-68
	android:name
		ADDED from src\main\AndroidManifest.xml:37:22-65
uses-permission#android.permission.SEND_SMS
ADDED from src\main\AndroidManifest.xml:38:5-67
	android:name
		ADDED from src\main\AndroidManifest.xml:38:22-64
uses-permission#android.permission.ACCESS_FINE_LOCATION
ADDED from src\main\AndroidManifest.xml:39:5-79
	android:name
		ADDED from src\main\AndroidManifest.xml:39:22-76
uses-permission#android.permission.ACCESS_COARSE_LOCATION
ADDED from src\main\AndroidManifest.xml:40:5-81
	android:name
		ADDED from src\main\AndroidManifest.xml:40:22-78
uses-permission#android.permission.BAIDU_LOCATION_SERVICE
ADDED from src\main\AndroidManifest.xml:41:5-81
	android:name
		ADDED from src\main\AndroidManifest.xml:41:22-78
uses-permission#android.permission.ACCESS_MOCK_LOCATION
ADDED from src\main\AndroidManifest.xml:42:5-79
	android:name
		ADDED from src\main\AndroidManifest.xml:42:22-76
uses-permission#com.android.launcher.permission.READ_SETTINGS
ADDED from src\main\AndroidManifest.xml:43:5-85
	android:name
		ADDED from src\main\AndroidManifest.xml:43:22-82
uses-permission#android.permission.ACCESS_GPS
ADDED from src\main\AndroidManifest.xml:44:5-69
	android:name
		ADDED from src\main\AndroidManifest.xml:44:22-66
uses-permission#android.permission.RECEIVE_SMS
ADDED from src\main\AndroidManifest.xml:45:5-70
	android:name
		ADDED from src\main\AndroidManifest.xml:45:22-67
uses-permission#android.permission.RECEIVE_MMS
ADDED from src\main\AndroidManifest.xml:46:5-70
	android:name
		ADDED from src\main\AndroidManifest.xml:46:22-67
uses-permission#android.permission.GET_TASKS
ADDED from src\main\AndroidManifest.xml:47:5-68
	android:name
		ADDED from src\main\AndroidManifest.xml:47:22-65
uses-permission#android.permission.READ_CHATHISTORY
ADDED from src\main\AndroidManifest.xml:48:5-75
	android:name
		ADDED from src\main\AndroidManifest.xml:48:22-72
uses-permission#android.permission.WRITE_CHATHISTORY
ADDED from src\main\AndroidManifest.xml:49:5-76
	android:name
		ADDED from src\main\AndroidManifest.xml:49:22-73
supports-screens
ADDED from src\main\AndroidManifest.xml:51:5-56:39
	android:largeScreens
		ADDED from src\main\AndroidManifest.xml:53:9-36
	android:smallScreens
		ADDED from src\main\AndroidManifest.xml:56:9-36
	android:normalScreens
		ADDED from src\main\AndroidManifest.xml:54:9-38
	android:resizeable
		ADDED from src\main\AndroidManifest.xml:55:9-34
	android:anyDensity
		ADDED from src\main\AndroidManifest.xml:52:9-34
uses-permission#android.permission.RESTART_PACKAGES
ADDED from src\main\AndroidManifest.xml:58:5-75
	android:name
		ADDED from src\main\AndroidManifest.xml:58:22-72
application
ADDED from src\main\AndroidManifest.xml:60:5-389:19
MERGED from [com.android.support:support-v4:20.0.0] AndroidManifest.xml:17:5-19
	android:label
		ADDED from src\main\AndroidManifest.xml:64:9-41
	android:allowBackup
		ADDED from src\main\AndroidManifest.xml:62:9-35
	android:icon
		ADDED from src\main\AndroidManifest.xml:63:9-45
	android:largeHeap
		ADDED from src\main\AndroidManifest.xml:65:9-33
	android:theme
		ADDED from src\main\AndroidManifest.xml:66:9-40
	android:name
		ADDED from src\main\AndroidManifest.xml:61:9-76
meta-data#com.amap.api.v2.apikey
ADDED from src\main\AndroidManifest.xml:77:9-79:64
	android:value
		ADDED from src\main\AndroidManifest.xml:79:13-61
	android:name
		ADDED from src\main\AndroidManifest.xml:78:13-50
meta-data#com.baidu.lbsapi.API_KEY
ADDED from src\main\AndroidManifest.xml:87:9-89:56
	android:value
		ADDED from src\main\AndroidManifest.xml:89:13-53
	android:name
		ADDED from src\main\AndroidManifest.xml:88:13-52
activity#com.unisound.unicar.gui.ui.WelcomeActivity
ADDED from src\main\AndroidManifest.xml:91:9-96:20
	android:screenOrientation
		ADDED from src\main\AndroidManifest.xml:95:13-50
	android:launchMode
		ADDED from src\main\AndroidManifest.xml:94:13-44
	android:configChanges
		ADDED from src\main\AndroidManifest.xml:93:13-63
	android:name
		ADDED from src\main\AndroidManifest.xml:92:13-70
activity#com.unisound.unicar.gui.ui.GUIMainActivity
ADDED from src\main\AndroidManifest.xml:97:9-107:20
	android:screenOrientation
		ADDED from src\main\AndroidManifest.xml:101:13-50
	android:label
		ADDED from src\main\AndroidManifest.xml:99:13-45
	android:launchMode
		ADDED from src\main\AndroidManifest.xml:100:13-44
	android:name
		ADDED from src\main\AndroidManifest.xml:98:13-70
intent-filter#android.intent.action.MAIN+android.intent.category.LAUNCHER
ADDED from src\main\AndroidManifest.xml:102:13-106:29
action#android.intent.action.MAIN
ADDED from src\main\AndroidManifest.xml:103:17-69
	android:name
		ADDED from src\main\AndroidManifest.xml:103:25-66
category#android.intent.category.LAUNCHER
ADDED from src\main\AndroidManifest.xml:105:17-77
	android:name
		ADDED from src\main\AndroidManifest.xml:105:27-74
activity#com.unisound.unicar.gui.ui.FunctionHelpActivity
ADDED from src\main\AndroidManifest.xml:110:9-115:20
	android:screenOrientation
		ADDED from src\main\AndroidManifest.xml:114:13-50
	android:launchMode
		ADDED from src\main\AndroidManifest.xml:113:13-44
	android:configChanges
		ADDED from src\main\AndroidManifest.xml:112:13-63
	android:name
		ADDED from src\main\AndroidManifest.xml:111:13-75
activity#com.unisound.unicar.gui.ui.AddressFavoriteActivity
ADDED from src\main\AndroidManifest.xml:117:9-122:20
	android:screenOrientation
		ADDED from src\main\AndroidManifest.xml:121:13-50
	android:launchMode
		ADDED from src\main\AndroidManifest.xml:120:13-43
	android:configChanges
		ADDED from src\main\AndroidManifest.xml:119:13-63
	android:name
		ADDED from src\main\AndroidManifest.xml:118:13-78
activity#com.unisound.unicar.gui.ui.AddAddressActivity
ADDED from src\main\AndroidManifest.xml:123:9-129:20
	android:screenOrientation
		ADDED from src\main\AndroidManifest.xml:128:13-50
	android:launchMode
		ADDED from src\main\AndroidManifest.xml:126:13-43
	android:configChanges
		ADDED from src\main\AndroidManifest.xml:125:13-63
	android:theme
		ADDED from src\main\AndroidManifest.xml:127:13-83
	android:name
		ADDED from src\main\AndroidManifest.xml:124:13-73
activity#com.unisound.unicar.gui.ui.OTAActivity
ADDED from src\main\AndroidManifest.xml:131:9-136:20
	android:screenOrientation
		ADDED from src\main\AndroidManifest.xml:135:13-50
	android:launchMode
		ADDED from src\main\AndroidManifest.xml:134:13-43
	android:configChanges
		ADDED from src\main\AndroidManifest.xml:133:13-63
	android:name
		ADDED from src\main\AndroidManifest.xml:132:13-66
activity#com.unisound.unicar.gui.ui.AboutActivity
ADDED from src\main\AndroidManifest.xml:137:9-142:20
	android:screenOrientation
		ADDED from src\main\AndroidManifest.xml:141:13-50
	android:launchMode
		ADDED from src\main\AndroidManifest.xml:140:13-43
	android:configChanges
		ADDED from src\main\AndroidManifest.xml:139:13-63
	android:name
		ADDED from src\main\AndroidManifest.xml:138:13-68
activity#com.unisound.unicar.gui.ui.HelpActivity
ADDED from src\main\AndroidManifest.xml:145:9-150:20
	android:screenOrientation
		ADDED from src\main\AndroidManifest.xml:149:13-50
	android:launchMode
		ADDED from src\main\AndroidManifest.xml:148:13-44
	android:configChanges
		ADDED from src\main\AndroidManifest.xml:147:13-63
	android:name
		ADDED from src\main\AndroidManifest.xml:146:13-67
activity#com.unisound.unicar.gui.ui.AllFunctionsActivity
ADDED from src\main\AndroidManifest.xml:153:9-158:20
	android:screenOrientation
		ADDED from src\main\AndroidManifest.xml:157:13-50
	android:launchMode
		ADDED from src\main\AndroidManifest.xml:156:13-43
	android:configChanges
		ADDED from src\main\AndroidManifest.xml:155:13-63
	android:name
		ADDED from src\main\AndroidManifest.xml:154:13-75
activity#com.unisound.unicar.gui.ui.SettingsViewPagerActivity
ADDED from src\main\AndroidManifest.xml:159:9-164:20
	android:screenOrientation
		ADDED from src\main\AndroidManifest.xml:163:13-50
	android:launchMode
		ADDED from src\main\AndroidManifest.xml:162:13-43
	android:configChanges
		ADDED from src\main\AndroidManifest.xml:161:13-63
	android:name
		ADDED from src\main\AndroidManifest.xml:160:13-80
activity#com.unisound.unicar.gui.ui.PositionActivity
ADDED from src\main\AndroidManifest.xml:167:9-172:20
	android:screenOrientation
		ADDED from src\main\AndroidManifest.xml:171:13-50
	android:launchMode
		ADDED from src\main\AndroidManifest.xml:170:13-43
	android:configChanges
		ADDED from src\main\AndroidManifest.xml:169:13-63
	android:name
		ADDED from src\main\AndroidManifest.xml:168:13-71
activity#com.unisound.unicar.gui.ui.SettingMapViewPagerActivity
ADDED from src\main\AndroidManifest.xml:175:9-180:20
	android:screenOrientation
		ADDED from src\main\AndroidManifest.xml:179:13-50
	android:launchMode
		ADDED from src\main\AndroidManifest.xml:178:13-43
	android:configChanges
		ADDED from src\main\AndroidManifest.xml:177:13-63
	android:name
		ADDED from src\main\AndroidManifest.xml:176:13-82
activity#com.unisound.unicar.gui.ui.MobileConnectionActivity
ADDED from src\main\AndroidManifest.xml:184:9-189:20
	android:screenOrientation
		ADDED from src\main\AndroidManifest.xml:188:13-50
	android:launchMode
		ADDED from src\main\AndroidManifest.xml:187:13-43
	android:configChanges
		ADDED from src\main\AndroidManifest.xml:186:13-63
	android:name
		ADDED from src\main\AndroidManifest.xml:185:13-79
activity#com.unisound.unicar.gui.route.operation.GaodeLocationActivity
ADDED from src\main\AndroidManifest.xml:192:9-197:20
	android:screenOrientation
		ADDED from src\main\AndroidManifest.xml:196:13-50
	android:launchMode
		ADDED from src\main\AndroidManifest.xml:195:13-44
	android:configChanges
		ADDED from src\main\AndroidManifest.xml:194:13-63
	android:name
		ADDED from src\main\AndroidManifest.xml:193:13-89
activity#com.unisound.unicar.gui.route.operation.GaodeRouteActivity
ADDED from src\main\AndroidManifest.xml:198:9-203:20
	android:screenOrientation
		ADDED from src\main\AndroidManifest.xml:202:13-50
	android:launchMode
		ADDED from src\main\AndroidManifest.xml:201:13-44
	android:configChanges
		ADDED from src\main\AndroidManifest.xml:200:13-63
	android:name
		ADDED from src\main\AndroidManifest.xml:199:13-86
activity#com.unisound.unicar.gui.route.baidu.LocationOverlayActivity
ADDED from src\main\AndroidManifest.xml:204:9-209:20
	android:screenOrientation
		ADDED from src\main\AndroidManifest.xml:208:13-50
	android:launchMode
		ADDED from src\main\AndroidManifest.xml:207:13-44
	android:configChanges
		ADDED from src\main\AndroidManifest.xml:206:13-63
	android:name
		ADDED from src\main\AndroidManifest.xml:205:13-87
activity#com.unisound.unicar.gui.route.baidu.RouteOverlayNoMap
ADDED from src\main\AndroidManifest.xml:210:9-214:20
	android:screenOrientation
		ADDED from src\main\AndroidManifest.xml:213:13-50
	android:configChanges
		ADDED from src\main\AndroidManifest.xml:212:13-63
	android:name
		ADDED from src\main\AndroidManifest.xml:211:13-81
activity#com.unisound.unicar.gui.route.baidu.RouteOverlayActivity
ADDED from src\main\AndroidManifest.xml:215:9-220:20
	android:screenOrientation
		ADDED from src\main\AndroidManifest.xml:219:13-50
	android:launchMode
		ADDED from src\main\AndroidManifest.xml:218:13-44
	android:configChanges
		ADDED from src\main\AndroidManifest.xml:217:13-63
	android:name
		ADDED from src\main\AndroidManifest.xml:216:13-84
activity#com.unisound.unicar.gui.smsdefault.ComposeSmsActivity
ADDED from src\main\AndroidManifest.xml:225:9-238:20
	android:name
		ADDED from src\main\AndroidManifest.xml:225:19-87
intent-filter#android.intent.action.SEND+android.intent.action.SENDTO+android.intent.category.BROWSABLE+android.intent.category.DEFAULT
ADDED from src\main\AndroidManifest.xml:226:13-237:29
action#android.intent.action.SEND
ADDED from src\main\AndroidManifest.xml:227:17-69
	android:name
		ADDED from src\main\AndroidManifest.xml:227:25-66
action#android.intent.action.SENDTO
ADDED from src\main\AndroidManifest.xml:228:17-71
	android:name
		ADDED from src\main\AndroidManifest.xml:228:25-68
category#android.intent.category.DEFAULT
ADDED from src\main\AndroidManifest.xml:230:17-76
	android:name
		ADDED from src\main\AndroidManifest.xml:230:27-73
category#android.intent.category.BROWSABLE
ADDED from src\main\AndroidManifest.xml:231:17-78
	android:name
		ADDED from src\main\AndroidManifest.xml:231:27-75
data
ADDED from src\main\AndroidManifest.xml:233:17-46
	android:scheme
		ADDED from src\main\AndroidManifest.xml:233:23-43
activity#com.unisound.unicar.gui.ui.AmapTrafficShowActivity
ADDED from src\main\AndroidManifest.xml:240:9-244:20
	android:screenOrientation
		ADDED from src\main\AndroidManifest.xml:243:13-50
	android:launchMode
		ADDED from src\main\AndroidManifest.xml:242:13-44
	android:configChanges
		ADDED from src\main\AndroidManifest.xml:241:13-63
	android:name
		ADDED from src\main\AndroidManifest.xml:240:19-84
service#com.unisound.unicar.gui.smsdefault.HeadlessSmsSendService
ADDED from src\main\AndroidManifest.xml:247:9-261:19
	android:exported
		ADDED from src\main\AndroidManifest.xml:249:13-36
	android:permission
		ADDED from src\main\AndroidManifest.xml:250:13-77
	android:name
		ADDED from src\main\AndroidManifest.xml:248:13-85
intent-filter#android.intent.action.RESPOND_VIA_MESSAGE+android.intent.category.DEFAULT
ADDED from src\main\AndroidManifest.xml:251:13-260:29
action#android.intent.action.RESPOND_VIA_MESSAGE
ADDED from src\main\AndroidManifest.xml:252:17-84
	android:name
		ADDED from src\main\AndroidManifest.xml:252:25-81
receiver#com.unisound.unicar.gui.smsdefault.SmsReceiver
ADDED from src\main\AndroidManifest.xml:264:9-270:20
	android:permission
		ADDED from src\main\AndroidManifest.xml:266:13-66
	android:name
		ADDED from src\main\AndroidManifest.xml:265:13-74
intent-filter#android.provider.Telephony.SMS_DELIVER
ADDED from src\main\AndroidManifest.xml:267:13-269:29
action#android.provider.Telephony.SMS_DELIVER
ADDED from src\main\AndroidManifest.xml:268:17-81
	android:name
		ADDED from src\main\AndroidManifest.xml:268:25-78
receiver#com.unisound.unicar.gui.smsdefault.MmsReceiver
ADDED from src\main\AndroidManifest.xml:273:9-281:20
	android:permission
		ADDED from src\main\AndroidManifest.xml:275:13-71
	android:name
		ADDED from src\main\AndroidManifest.xml:274:13-74
intent-filter#android.provider.Telephony.WAP_PUSH_DELIVER
ADDED from src\main\AndroidManifest.xml:276:13-280:29
action#android.provider.Telephony.WAP_PUSH_DELIVER
ADDED from src\main\AndroidManifest.xml:277:17-86
	android:name
		ADDED from src\main\AndroidManifest.xml:277:25-83
receiver#com.unisound.unicar.gui.sms.SmsSendReceiver
ADDED from src\main\AndroidManifest.xml:286:9-297:20
	android:exported
		ADDED from src\main\AndroidManifest.xml:288:13-37
	android:name
		ADDED from src\main\AndroidManifest.xml:287:13-71
intent-filter#com.unisound.intent.action.MESSAGE_SENT
ADDED from src\main\AndroidManifest.xml:289:13-293:29
action#com.unisound.intent.action.MESSAGE_SENT
ADDED from src\main\AndroidManifest.xml:290:17-82
	android:name
		ADDED from src\main\AndroidManifest.xml:290:25-79
intent-filter#com.unisound.intent.action.SEND_MESSAGE
ADDED from src\main\AndroidManifest.xml:294:13-296:29
action#com.unisound.intent.action.SEND_MESSAGE
ADDED from src\main\AndroidManifest.xml:295:17-82
	android:name
		ADDED from src\main\AndroidManifest.xml:295:25-79
receiver#com.unisound.unicar.gui.sms.MessageStatusReceiver
ADDED from src\main\AndroidManifest.xml:300:9-306:20
	android:exported
		ADDED from src\main\AndroidManifest.xml:302:13-37
	android:name
		ADDED from src\main\AndroidManifest.xml:301:13-77
intent-filter#com.unisound.intent.action.MESSAGE_STATUS_RECEIVED
ADDED from src\main\AndroidManifest.xml:303:13-305:29
action#com.unisound.intent.action.MESSAGE_STATUS_RECEIVED
ADDED from src\main\AndroidManifest.xml:304:17-93
	android:name
		ADDED from src\main\AndroidManifest.xml:304:25-90
receiver#com.unisound.unicar.gui.phone.PhoneStateReceiver
ADDED from src\main\AndroidManifest.xml:307:9-312:20
	android:name
		ADDED from src\main\AndroidManifest.xml:307:19-82
intent-filter#android.intent.action.NEW_OUTGOING_CALL+android.intent.action.PHONE_STATE
ADDED from src\main\AndroidManifest.xml:308:13-311:29
action#android.intent.action.NEW_OUTGOING_CALL
ADDED from src\main\AndroidManifest.xml:309:17-82
	android:name
		ADDED from src\main\AndroidManifest.xml:309:25-79
action#android.intent.action.PHONE_STATE
ADDED from src\main\AndroidManifest.xml:310:17-76
	android:name
		ADDED from src\main\AndroidManifest.xml:310:25-73
service#com.unisound.unicar.gui.ui.WindowService
ADDED from src\main\AndroidManifest.xml:317:9-321:19
	android:name
		ADDED from src\main\AndroidManifest.xml:317:18-73
intent-filter#com.unisound.unicar.gui.ui.START_WINDOWSERVICE
ADDED from src\main\AndroidManifest.xml:318:13-320:29
action#com.unisound.unicar.gui.ui.START_WINDOWSERVICE
ADDED from src\main\AndroidManifest.xml:319:17-88
	android:name
		ADDED from src\main\AndroidManifest.xml:319:25-86
service#com.unisound.unicar.gui.sms.SmsSenderService
ADDED from src\main\AndroidManifest.xml:325:9-80
	android:name
		ADDED from src\main\AndroidManifest.xml:325:18-77
service#com.unisound.unicar.gui.uninavi.UniCarNaviGuiService
ADDED from src\main\AndroidManifest.xml:328:9-332:19
	android:name
		ADDED from src\main\AndroidManifest.xml:328:18-85
intent-filter#com.unisound.intent.action.START_UNICARNAVI_GUI_SERVICE
ADDED from src\main\AndroidManifest.xml:329:13-331:29
action#com.unisound.intent.action.START_UNICARNAVI_GUI_SERVICE
ADDED from src\main\AndroidManifest.xml:330:17-98
	android:name
		ADDED from src\main\AndroidManifest.xml:330:25-95
service#com.unisound.unicar.gui.fm.UniDriveFmGuiService
ADDED from src\main\AndroidManifest.xml:335:9-339:19
	android:name
		ADDED from src\main\AndroidManifest.xml:335:18-80
intent-filter#com.unisound.intent.action.START_UNIDRIVE_FM
ADDED from src\main\AndroidManifest.xml:336:13-338:29
action#com.unisound.intent.action.START_UNIDRIVE_FM
ADDED from src\main\AndroidManifest.xml:337:17-87
	android:name
		ADDED from src\main\AndroidManifest.xml:337:25-84
service#com.unisound.unicar.gui.fm.XmFmGuiService
ADDED from src\main\AndroidManifest.xml:340:9-344:19
	android:name
		ADDED from src\main\AndroidManifest.xml:340:18-74
intent-filter#com.unisound.intent.action.START_XM_FM
ADDED from src\main\AndroidManifest.xml:341:13-343:29
action#com.unisound.intent.action.START_XM_FM
ADDED from src\main\AndroidManifest.xml:342:17-81
	android:name
		ADDED from src\main\AndroidManifest.xml:342:25-78
service#com.android.kwmusic.KWMusicService
ADDED from src\main\AndroidManifest.xml:345:9-347:41
	android:persistent
		ADDED from src\main\AndroidManifest.xml:347:13-38
	android:name
		ADDED from src\main\AndroidManifest.xml:346:13-62
service#com.baidu.location.f
ADDED from src\main\AndroidManifest.xml:348:9-352:19
	android:enabled
		ADDED from src\main\AndroidManifest.xml:350:13-35
	android:process
		ADDED from src\main\AndroidManifest.xml:351:13-38
	android:name
		ADDED from src\main\AndroidManifest.xml:349:13-48
receiver#com.unisound.unicar.gui.ui.MessageReceiver
ADDED from src\main\AndroidManifest.xml:354:9-365:20
	android:name
		ADDED from src\main\AndroidManifest.xml:354:19-76
intent-filter#android.intent.action.BOOT_COMPLETED
ADDED from src\main\AndroidManifest.xml:355:13-357:29
action#android.intent.action.BOOT_COMPLETED
ADDED from src\main\AndroidManifest.xml:356:17-79
	android:name
		ADDED from src\main\AndroidManifest.xml:356:25-76
intent-filter#com.unisound.intent.action.CANCEL_TALK+com.unisound.intent.action.PLAY_TTS+com.unisound.intent.action.START_TALK+com.unisound.intent.action.STOP_DORMANT+com.unisound.intent.action.STOP_TALK
ADDED from src\main\AndroidManifest.xml:358:13-364:29
action#com.unisound.intent.action.START_TALK
ADDED from src\main\AndroidManifest.xml:359:17-80
	android:name
		ADDED from src\main\AndroidManifest.xml:359:25-77
action#com.unisound.intent.action.CANCEL_TALK
ADDED from src\main\AndroidManifest.xml:360:17-81
	android:name
		ADDED from src\main\AndroidManifest.xml:360:25-78
action#com.unisound.intent.action.STOP_TALK
ADDED from src\main\AndroidManifest.xml:361:17-79
	android:name
		ADDED from src\main\AndroidManifest.xml:361:25-76
action#com.unisound.intent.action.PLAY_TTS
ADDED from src\main\AndroidManifest.xml:362:17-78
	android:name
		ADDED from src\main\AndroidManifest.xml:362:25-75
action#com.unisound.intent.action.STOP_DORMANT
ADDED from src\main\AndroidManifest.xml:363:17-82
	android:name
		ADDED from src\main\AndroidManifest.xml:363:25-79
receiver#com.unisound.unicar.gui.oem.RomCustomReceiver
ADDED from src\main\AndroidManifest.xml:368:9-372:20
	android:name
		ADDED from src\main\AndroidManifest.xml:368:19-79
intent-filter#cn.yunzhisheng.intent.action.custom.order.contact
ADDED from src\main\AndroidManifest.xml:369:13-371:29
action#cn.yunzhisheng.intent.action.custom.order.contact
ADDED from src\main\AndroidManifest.xml:370:17-92
	android:name
		ADDED from src\main\AndroidManifest.xml:370:25-89
receiver#com.unisound.unicar.gui.oem.RomCustomSettingReceiver
ADDED from src\main\AndroidManifest.xml:375:9-379:20
	android:name
		ADDED from src\main\AndroidManifest.xml:375:19-86
intent-filter#com.unisound.intent.action.custom.SETTING_CONVERSATION_MODE
ADDED from src\main\AndroidManifest.xml:376:13-378:29
action#com.unisound.intent.action.custom.SETTING_CONVERSATION_MODE
ADDED from src\main\AndroidManifest.xml:377:17-102
	android:name
		ADDED from src\main\AndroidManifest.xml:377:25-99
provider#com.unisound.unicar.gui.chat.ChatContentProvider
ADDED from src\main\AndroidManifest.xml:382:9-388:78
	android:readPermission
		ADDED from src\main\AndroidManifest.xml:387:13-73
	android:authorities
		ADDED from src\main\AndroidManifest.xml:384:13-76
	android:label
		ADDED from src\main\AndroidManifest.xml:386:13-48
	android:exported
		ADDED from src\main\AndroidManifest.xml:385:13-36
	android:name
		ADDED from src\main\AndroidManifest.xml:383:13-76
	android:writePermission
		ADDED from src\main\AndroidManifest.xml:388:13-75